2025-01-29 22:57:43,767 - INFO - Initializing ScumBrowserWidget
2025-01-29 22:57:43,767 - INFO - ScumBrowserWidget initialized successfully
2025-01-29 22:57:43,767 - INFO - Created plugin widget: <class 'browser.ScumBrowserWidget'>
2025-01-29 22:57:58,624 - INFO - Navigating to URL: https://youtube.com
2025-01-29 22:59:50,463 - INFO - Initializing ScumBrowserWidget
2025-01-29 22:59:50,464 - INFO - ScumBrowserWidget initialized successfully
2025-01-29 22:59:50,464 - INFO - Created plugin widget: <class 'browser.ScumBrowserWidget'>
2025-01-29 23:02:32,909 - INFO - Initializing ScumBrowserWidget
2025-01-29 23:02:32,909 - INFO - ScumBrowserWidget initialized successfully
2025-01-29 23:02:32,909 - INFO - Created plugin widget: <class 'browser.ScumBrowserWidget'>
2025-01-29 23:05:57,350 - INFO - Initializing ScumBrowserWidget
2025-01-29 23:05:57,352 - INFO - ScumBrowserWidget initialized successfully
2025-01-29 23:05:57,352 - INFO - Created plugin widget: <class 'browser.ScumBrowserWidget'>
2025-01-29 23:10:55,211 - INFO - Initializing ScumBrowserWidget
2025-01-29 23:10:55,213 - INFO - ScumBrowserWidget initialized successfully
2025-01-29 23:10:55,213 - INFO - Created plugin widget: <class 'browser.ScumBrowserWidget'>
2025-01-29 23:13:31,181 - INFO - Initializing ScumBrowserWidget
2025-01-29 23:13:31,183 - INFO - ScumBrowserWidget initialized successfully
2025-01-29 23:13:31,183 - INFO - Created plugin widget: <class 'browser.ScumBrowserWidget'>
2025-01-29 23:13:40,604 - INFO - Navigating to URL: https://youtube.com
2025-01-29 23:15:35,218 - INFO - Initializing ScumBrowserWidget
2025-01-29 23:15:35,218 - INFO - ScumBrowserWidget initialized successfully
2025-01-29 23:15:35,218 - INFO - Created plugin widget: <class 'browser.ScumBrowserWidget'>
2025-01-29 23:16:13,670 - INFO - Initializing ScumBrowserWidget
2025-01-29 23:16:13,671 - INFO - ScumBrowserWidget initialized successfully
2025-01-29 23:16:13,672 - INFO - Created plugin widget: <class 'browser.ScumBrowserWidget'>
2025-01-30 00:02:51,845 - INFO - Initializing ScumBrowserWidget
2025-01-30 00:02:51,846 - INFO - ScumBrowserWidget initialized successfully
2025-01-30 00:02:51,846 - INFO - Created plugin widget: <class 'browser.ScumBrowserWidget'>
2025-01-30 00:02:56,714 - DEBUG - Starting new HTTPS connection (1): api.github.com:443
2025-01-30 00:02:56,929 - DEBUG - https://api.github.com:443 "GET /repos/cooksta120021/Scum_Plug/releases/latest HTTP/1.1" 200 725
2025-01-30 00:14:03,405 - INFO - Initializing ScumBrowserWidget
2025-01-30 00:14:03,405 - INFO - ScumBrowserWidget initialized successfully
2025-01-30 00:14:03,405 - INFO - Created plugin widget: <class 'browser.ScumBrowserWidget'>
2025-01-30 00:17:35,473 - INFO - Initializing ScumBrowserWidget
2025-01-30 00:17:35,476 - INFO - ScumBrowserWidget initialized successfully
2025-01-30 00:17:35,476 - INFO - Created plugin widget: <class 'browser.ScumBrowserWidget'>
2025-01-30 00:22:48,681 - INFO - Initializing ScumBrowserWidget
2025-01-30 00:22:48,682 - INFO - ScumBrowserWidget initialized successfully
2025-01-30 00:22:48,682 - INFO - Created plugin widget: <class 'browser.ScumBrowserWidget'>
2025-01-30 00:23:17,115 - INFO - Initializing ScumBrowserWidget
2025-01-30 00:23:17,117 - INFO - ScumBrowserWidget initialized successfully
2025-01-30 00:23:17,117 - INFO - Created plugin widget: <class 'browser.ScumBrowserWidget'>
2025-01-30 00:23:41,485 - INFO - Navigating to URL: https://google.com
2025-01-30 00:26:19,463 - INFO - Initializing ScumBrowserWidget
2025-01-30 00:26:19,465 - INFO - ScumBrowserWidget initialized successfully
2025-01-30 00:26:19,465 - INFO - Created plugin widget: <class 'browser.ScumBrowserWidget'>
2025-01-30 00:26:29,599 - INFO - Navigating to URL: https://google.com
2025-01-30 00:26:43,178 - INFO - Zoomed out. Current zoom: 0.9
2025-01-30 00:26:43,377 - INFO - Zoomed out. Current zoom: 0.8
2025-01-30 00:26:43,793 - INFO - Zoomed out. Current zoom: 0.7
2025-01-30 00:26:43,930 - INFO - Zoomed out. Current zoom: 0.6
2025-01-30 00:26:44,078 - INFO - Zoomed out. Current zoom: 0.5
2025-01-30 00:26:47,289 - INFO - Zoomed out. Current zoom: 0.4
2025-01-30 00:26:47,643 - INFO - Zoomed out. Current zoom: 0.3
2025-01-30 00:26:48,114 - INFO - Zoomed out. Current zoom: 0.2
2025-01-30 00:26:48,257 - INFO - Zoomed out. Current zoom: 0.1
2025-01-30 00:26:48,403 - INFO - Zoomed out. Current zoom: 0.1
2025-01-30 00:26:48,520 - INFO - Zoomed out. Current zoom: 0.1
2025-01-30 00:26:54,786 - INFO - Zoomed out. Current zoom: 0.1
2025-01-30 00:26:54,955 - INFO - Zoomed out. Current zoom: 0.1
2025-01-30 00:27:33,159 - INFO - Initializing ScumBrowserWidget
2025-01-30 00:27:33,159 - INFO - ScumBrowserWidget initialized successfully
2025-01-30 00:27:33,161 - INFO - Created plugin widget: <class 'browser.ScumBrowserWidget'>
2025-01-30 00:27:38,307 - INFO - Navigating to URL: https://youtube.com
2025-01-30 00:27:43,555 - INFO - Zoomed out. Current zoom: 0.9
2025-01-30 00:27:44,197 - INFO - Zoomed out. Current zoom: 0.8
2025-01-30 00:27:45,818 - INFO - Zoomed in. Current zoom: 0.9
2025-01-30 00:27:46,395 - INFO - Zoomed in. Current zoom: 1.0
2025-01-30 00:27:46,739 - INFO - Zoomed in. Current zoom: 1.1
2025-01-30 00:27:47,219 - INFO - Zoomed in. Current zoom: 1.2
2025-01-30 00:27:47,516 - INFO - Zoomed in. Current zoom: 1.3
2025-01-30 00:27:47,699 - INFO - Zoomed in. Current zoom: 1.4
2025-01-30 00:27:47,892 - INFO - Zoomed in. Current zoom: 1.5
2025-01-30 00:27:48,044 - INFO - Zoomed in. Current zoom: 1.6
2025-01-30 00:27:48,492 - INFO - Zoomed out. Current zoom: 1.5
2025-01-30 00:27:48,660 - INFO - Zoomed out. Current zoom: 1.4
2025-01-30 00:27:48,820 - INFO - Zoomed out. Current zoom: 1.3
2025-01-30 00:27:48,972 - INFO - Zoomed out. Current zoom: 1.2
2025-01-30 00:27:49,131 - INFO - Zoomed out. Current zoom: 1.1
2025-01-30 00:27:49,291 - INFO - Zoomed out. Current zoom: 1.0
2025-01-30 00:27:49,459 - INFO - Zoomed out. Current zoom: 0.9
2025-01-30 00:27:49,611 - INFO - Zoomed out. Current zoom: 0.8
2025-01-30 00:27:49,779 - INFO - Zoomed out. Current zoom: 0.7
2025-01-30 00:27:49,940 - INFO - Zoomed out. Current zoom: 0.6
2025-01-30 00:27:50,107 - INFO - Zoomed out. Current zoom: 0.5
2025-01-30 00:27:51,172 - INFO - Zoomed in. Current zoom: 0.6
2025-01-30 00:27:51,347 - INFO - Zoomed in. Current zoom: 0.7
2025-01-30 00:27:51,523 - INFO - Zoomed in. Current zoom: 0.8
2025-01-30 01:02:28,366 - INFO - Initializing ScumBrowserWidget
2025-01-30 01:02:28,368 - INFO - ScumBrowserWidget initialized successfully
2025-01-30 01:02:28,368 - INFO - Created plugin widget: <class 'browser.ScumBrowserWidget'>
2025-01-30 01:02:33,270 - INFO - Navigating to URL: https://google.com
2025-01-30 01:02:55,111 - INFO - Zoomed out. Current zoom: 0.9
2025-01-30 01:02:55,246 - INFO - Zoomed out. Current zoom: 0.8
2025-01-30 01:02:55,391 - INFO - Zoomed out. Current zoom: 0.7
2025-01-30 01:02:55,534 - INFO - Zoomed out. Current zoom: 0.6
2025-01-30 01:02:55,680 - INFO - Zoomed out. Current zoom: 0.5
2025-01-30 01:02:55,831 - INFO - Zoomed out. Current zoom: 0.4
2025-01-30 01:02:56,178 - INFO - Zoomed in. Current zoom: 0.5
2025-01-30 01:02:56,454 - INFO - Zoomed in. Current zoom: 0.6
2025-01-30 01:02:56,598 - INFO - Zoomed in. Current zoom: 0.7
2025-01-30 01:02:56,743 - INFO - Zoomed in. Current zoom: 0.8
2025-01-30 01:02:56,870 - INFO - Zoomed in. Current zoom: 0.9
2025-01-30 01:02:57,391 - INFO - Zoomed out. Current zoom: 0.8
2025-01-30 01:03:04,408 - DEBUG - Starting new HTTPS connection (1): api.github.com:443
2025-01-30 01:03:04,635 - DEBUG - https://api.github.com:443 "GET /repos/cooksta120021/Scum_Plug/releases/latest HTTP/1.1" 200 725
2025-01-30 02:00:26,355 - INFO - Initializing ScumBrowserWidget
2025-01-30 02:00:26,356 - INFO - ScumBrowserWidget initialized successfully
2025-01-30 02:00:26,356 - INFO - Created plugin widget: <class 'browser.ScumBrowserWidget'>
2025-01-30 02:00:29,902 - DEBUG - Converted retries value: 3 -> Retry(total=3, connect=None, read=None, redirect=None, status=None)
2025-01-31 00:27:33,759 - INFO - Initializing ScumBrowserWidget
2025-01-31 00:27:33,759 - INFO - ScumBrowserWidget initialized successfully
2025-01-31 00:27:33,759 - INFO - Created plugin widget: <class 'scum_browser.ScumBrowserWidget'>
2025-01-31 00:27:39,474 - INFO - Navigating to URL: https://youtube.com
2025-01-31 00:27:46,140 - INFO - Zoomed out. Current zoom: 0.9
2025-01-31 00:27:46,300 - INFO - Zoomed out. Current zoom: 0.8
2025-01-31 00:27:47,020 - INFO - Zoomed in. Current zoom: 0.9
2025-01-31 00:27:47,267 - INFO - Zoomed in. Current zoom: 1.0
2025-01-31 00:29:39,530 - INFO - Initializing ScumBrowserWidget
2025-01-31 00:29:39,533 - INFO - ScumBrowserWidget initialized successfully
2025-01-31 00:29:39,533 - INFO - Created plugin widget: <class 'scum_browser.ScumBrowserWidget'>
2025-01-31 00:29:45,433 - INFO - Navigating to URL: https://youtube.com
2025-01-31 00:29:52,921 - INFO - Zoomed out. Current zoom: 0.9
2025-01-31 00:29:53,064 - INFO - Zoomed out. Current zoom: 0.8
2025-01-31 00:29:53,754 - INFO - Zoomed in. Current zoom: 0.9
2025-01-31 00:29:53,943 - INFO - Zoomed in. Current zoom: 1.0
2025-01-31 00:32:14,145 - INFO - Initializing ScumBrowserWidget
2025-01-31 00:32:14,187 - INFO - ScumBrowserWidget initialized successfully
2025-01-31 00:32:14,187 - INFO - Created plugin widget: <class 'scum_browser.ScumBrowserWidget'>
2025-01-31 01:40:32,189 - INFO - Successfully imported plugin: scum_browser
2025-01-31 01:40:32,191 - INFO - Social Plugin Import module initialized
2025-01-31 01:40:32,191 - INFO - Log file created at: D:\Projects\Random-Scripts\plugin_project\plugins\social_network\logs\social_plugin_import.log
2025-01-31 01:40:32,191 - INFO - Python Paths:
2025-01-31 01:40:32,191 - INFO -   - D:\Projects\Random-Scripts\plugin_project\plugins\social_network\social_network_impl
2025-01-31 01:40:32,191 - INFO -   - D:\Projects\Random-Scripts\plugin_project\plugins\social_network
2025-01-31 01:40:32,191 - INFO -   - plugins\social_network
2025-01-31 01:40:32,191 - INFO -   - plugins\scum_browser
2025-01-31 01:40:32,191 - INFO -   - D:\Projects\Random-Scripts\plugin_project
2025-01-31 01:40:32,191 - INFO -   - C:\Program Files\Python311\python311.zip
2025-01-31 01:40:32,191 - INFO -   - C:\Program Files\Python311\Lib
2025-01-31 01:40:32,191 - INFO -   - C:\Program Files\Python311\DLLs
2025-01-31 01:40:32,191 - INFO -   - C:\Users\cooks\AppData\Roaming\Python\Python311\site-packages
2025-01-31 01:40:32,191 - INFO -   - C:\Program Files\Python311
2025-01-31 01:40:32,191 - INFO -   - C:\Program Files\Python311\Lib\site-packages
2025-01-31 01:40:32,191 - INFO - Direct import failed. Attempting to load from: D:\Projects\Random-Scripts\plugin_project\plugins\social_network\social_network_impl\social_network.py
2025-01-31 01:40:32,191 - INFO - Attempting to load module social_network from D:\Projects\Random-Scripts\plugin_project\plugins\social_network\social_network_impl\social_network.py
2025-01-31 01:40:32,198 - INFO - Social Network Plugin module initialized
2025-01-31 01:40:32,198 - INFO - Log file created at: D:\Projects\Random-Scripts\plugin_project\plugins\social_network\logs\social_network.log
2025-01-31 01:40:32,814 - DEBUG - Converted retries value: 3 -> Retry(total=3, connect=None, read=None, redirect=None, status=None)
2025-01-31 01:40:32,815 - INFO - Successfully loaded create_plugin via dynamic loading
2025-01-31 01:40:32,815 - INFO - Social Network Plugin loaded successfully
2025-01-31 01:40:32,815 - INFO - create_plugin function: <function create_plugin at 0x000001468161E0C0>
2025-01-31 01:40:32,815 - INFO - Successfully imported plugin: social_network
2025-01-31 01:40:32,817 - INFO - Application Startup Initiated
2025-01-31 01:40:32,817 - INFO - Python Version: 3.11.0 (main, Oct 24 2022, 18:26:48) [MSC v.1933 64 bit (AMD64)]
2025-01-31 01:40:32,817 - INFO - Python Executable: C:\Program Files\Python311\python.exe
2025-01-31 01:40:32,817 - INFO - Current Working Directory: D:\Projects\Random-Scripts\plugin_project
2025-01-31 01:40:32,817 - INFO - Python Path: ['D:\\Projects\\Random-Scripts\\plugin_project\\plugins\\social_network', 'D:\\Projects\\Random-Scripts\\plugin_project\\plugins\\social_network\\social_network_impl', 'D:\\Projects\\Random-Scripts\\plugin_project\\plugins\\social_network', 'plugins\\social_network', 'plugins\\scum_browser', 'D:\\Projects\\Random-Scripts\\plugin_project', 'C:\\Program Files\\Python311\\python311.zip', 'C:\\Program Files\\Python311\\Lib', 'C:\\Program Files\\Python311\\DLLs', 'C:\\Users\\cooks\\AppData\\Roaming\\Python\\Python311\\site-packages', 'C:\\Program Files\\Python311', 'C:\\Program Files\\Python311\\Lib\\site-packages']
2025-01-31 01:46:02,123 - INFO - Successfully imported plugin: scum_browser
2025-01-31 01:46:02,126 - INFO - Social Plugin Import module initialized
2025-01-31 01:46:02,126 - INFO - Log file created at: D:\Projects\Random-Scripts\plugin_project\plugins\social_network\logs\social_plugin_import.log
2025-01-31 01:46:02,126 - INFO - Python Paths:
2025-01-31 01:46:02,126 - INFO -   - D:\Projects\Random-Scripts\plugin_project\plugins\social_network\social_network_impl
2025-01-31 01:46:02,126 - INFO -   - D:\Projects\Random-Scripts\plugin_project\plugins\social_network
2025-01-31 01:46:02,126 - INFO -   - plugins\social_network
2025-01-31 01:46:02,126 - INFO -   - plugins\scum_browser
2025-01-31 01:46:02,126 - INFO -   - D:\Projects\Random-Scripts\plugin_project
2025-01-31 01:46:02,126 - INFO -   - C:\Program Files\Python311\python311.zip
2025-01-31 01:46:02,126 - INFO -   - C:\Program Files\Python311\Lib
2025-01-31 01:46:02,126 - INFO -   - C:\Program Files\Python311\DLLs
2025-01-31 01:46:02,129 - INFO -   - C:\Users\cooks\AppData\Roaming\Python\Python311\site-packages
2025-01-31 01:46:02,129 - INFO -   - C:\Program Files\Python311
2025-01-31 01:46:02,129 - INFO -   - C:\Program Files\Python311\Lib\site-packages
2025-01-31 01:46:02,129 - INFO - Direct import failed. Attempting to load from: D:\Projects\Random-Scripts\plugin_project\plugins\social_network\social_network_impl\social_network.py
2025-01-31 01:46:02,129 - INFO - Attempting to load module social_network from D:\Projects\Random-Scripts\plugin_project\plugins\social_network\social_network_impl\social_network.py
2025-01-31 01:46:02,135 - INFO - Social Network Plugin module initialized
2025-01-31 01:46:02,135 - INFO - Log file created at: D:\Projects\Random-Scripts\plugin_project\plugins\social_network\logs\social_network.log
2025-01-31 01:46:02,704 - DEBUG - Converted retries value: 3 -> Retry(total=3, connect=None, read=None, redirect=None, status=None)
2025-01-31 01:46:02,704 - INFO - Successfully loaded create_plugin via dynamic loading
2025-01-31 01:46:02,704 - INFO - Social Network Plugin loaded successfully
2025-01-31 01:46:02,704 - INFO - create_plugin function: <function create_plugin at 0x0000018A50BDA020>
2025-01-31 01:46:02,704 - INFO - Successfully imported plugin: social_network
2025-01-31 01:46:02,705 - INFO - Application Startup Initiated
2025-01-31 01:46:02,705 - INFO - Python Version: 3.11.0 (main, Oct 24 2022, 18:26:48) [MSC v.1933 64 bit (AMD64)]
2025-01-31 01:46:02,705 - INFO - Python Executable: C:\Program Files\Python311\python.exe
2025-01-31 01:46:02,705 - INFO - Current Working Directory: D:\Projects\Random-Scripts\plugin_project
2025-01-31 01:46:02,705 - INFO - Python Path: ['D:\\Projects\\Random-Scripts\\plugin_project\\plugins\\social_network', 'D:\\Projects\\Random-Scripts\\plugin_project\\plugins\\social_network\\social_network_impl', 'D:\\Projects\\Random-Scripts\\plugin_project\\plugins\\social_network', 'plugins\\social_network', 'plugins\\scum_browser', 'D:\\Projects\\Random-Scripts\\plugin_project', 'C:\\Program Files\\Python311\\python311.zip', 'C:\\Program Files\\Python311\\Lib', 'C:\\Program Files\\Python311\\DLLs', 'C:\\Users\\cooks\\AppData\\Roaming\\Python\\Python311\\site-packages', 'C:\\Program Files\\Python311', 'C:\\Program Files\\Python311\\Lib\\site-packages']
